2025-10-28 01:28:10, MOVE, v:1, k:poo@motoca, mode:PICK
2025-10-28 01:28:12, EXEC, v:1, k:poo@motoca, mode:FULL, rate:0
2025-10-28 01:32:40, MOVE, v:1, k:poo@motoca, mode:BACK
2025-10-28 01:34:42, MOVE, v:1, k:poo@motoca, mode:PICK
2025-10-28 01:34:42, EXEC, v:1, k:poo@motoca, mode:FULL, rate:0, size:32
2025-10-28 01:34:48, EXEC, v:1, k:poo@motoca, mode:FULL, rate:0, size:32
2025-10-28 01:35:58, EXEC, v:1, k:poo@motoca, mode:FULL, rate:0, size:35
2025-10-28 01:37:18, EXEC, v:1, k:poo@motoca, mode:FULL, rate:0, size:38
2025-10-28 01:37:36, EXEC, v:1, k:poo@motoca, mode:FULL, rate:6, size:38
2025-10-28 01:37:57, EXEC, v:1, k:poo@motoca, mode:FULL, rate:6, size:38
2025-10-28 01:41:55, EXEC, v:1, k:poo@motoca, mode:FULL, rate:0, size:42
2025-10-28 01:42:13, EXEC, v:1, k:poo@motoca, mode:FULL, rate:6, size:42
2025-10-28 01:43:00, EXEC, v:1, k:poo@motoca, mode:FULL, rate:6, size:45
2025-10-28 01:44:14, MOVE, v:1, k:poo@motoca, mode:BACK
2025-10-28 12:24:44, MOVE, v:1, k:poo@motoca, mode:PICK
2025-10-28 12:24:52, EXEC, v:1, k:poo@motoca, mode:FULL, rate:6
2025-10-28 12:33:05, EXEC, v:1, k:poo@motoca, mode:FULL, rate:6, size:47
2025-10-28 12:43:07, EXEC, v:1, k:poo@motoca, mode:FULL, rate:0, size:58
2025-10-28 12:43:30, EXEC, v:1, k:poo@motoca, mode:FULL, rate:0, size:58
2025-10-28 12:49:43, EXEC, v:1, k:poo@motoca, mode:FULL, rate:0, size:61
2025-10-28 12:52:06, EXEC, v:1, k:poo@motoca, mode:FULL, rate:0, size:61
2025-10-28 12:53:14, EXEC, v:1, k:poo@motoca, mode:FULL, rate:0, size:62
2025-10-28 12:53:36, EXEC, v:1, k:poo@motoca, mode:FULL, rate:6, size:62
2025-10-28 12:53:59, EXEC, v:1, k:poo@motoca, mode:FULL, rate:6, size:62
2025-10-28 12:54:13, EXEC, v:1, k:poo@motoca, mode:FULL, rate:6, size:62
2025-10-28 12:56:34, EXEC, v:1, k:poo@motoca, mode:FULL, rate:0, size:62
2025-10-28 12:56:52, EXEC, v:1, k:poo@motoca, mode:FULL, rate:20, size:62
2025-10-28 13:00:33, MOVE, v:1, k:poo@motoca, mode:BACK
2025-10-28 13:03:53, MOVE, v:1, k:poo@motoca, mode:PICK
2025-10-28 13:03:54, EXEC, v:1, k:poo@motoca, mode:FULL, rate:33, size:63
2025-10-28 13:16:03, MOVE, v:1, k:poo@motoca, mode:BACK
2025-10-28 13:21:32, MOVE, v:1, k:poo@motoca, mode:PICK
2025-10-28 13:30:38, EXEC, v:1, k:poo@motoca, mode:FULL, rate:33, size:75
2025-10-28 13:31:49, EXEC, v:1, k:poo@motoca, mode:FULL, rate:33, size:75
2025-10-28 13:32:54, MOVE, v:1, k:poo@motoca, mode:PICK
2025-10-28 13:32:54, EXEC, v:1, k:poo@motoca, mode:FULL, rate:33
2025-10-28 13:34:32, EXEC, v:1, k:poo@motoca, mode:FULL, rate:53, size:75
2025-10-28 13:37:40, EXEC, v:1, k:poo@motoca, mode:FULL, rate:53, size:79
2025-10-28 13:39:41, EXEC, v:1, k:poo@motoca, mode:FULL, rate:60, size:79
2025-10-28 13:42:44, EXEC, v:1, k:poo@motoca, mode:FULL, rate:66, size:88
2025-10-28 13:43:27, EXEC, v:1, k:poo@motoca, mode:FULL, rate:80, size:90
2025-10-28 13:44:46, EXEC, v:1, k:poo@motoca, mode:FULL, rate:73, size:92
2025-10-28 13:45:27, EXEC, v:1, k:poo@motoca, mode:FULL, rate:73, size:92
2025-10-28 13:46:26, EXEC, v:1, k:poo@motoca, mode:FULL, rate:80, size:92
2025-10-28 13:46:36, EXEC, v:1, k:poo@motoca, mode:FULL, rate:86, size:92
2025-10-28 13:49:32, EXEC, v:1, k:poo@motoca, mode:FULL, rate:66, size:94
2025-10-28 13:49:56, EXEC, v:1, k:poo@motoca, mode:FULL, rate:86, size:94
2025-10-28 13:50:12, EXEC, v:1, k:poo@motoca, mode:FULL, rate:93, size:95
2025-10-28 13:50:19, MOVE, v:1, k:poo@motoca, mode:BACK
2025-10-28 13:50:51, MOVE, v:1, k:poo@motoca, mode:PICK
2025-10-28 13:50:52, EXEC, v:1, k:poo@motoca, mode:FULL, rate:0, size:96
2025-10-28 13:50:57, EXEC, v:1, k:poo@motoca, mode:FULL, rate:0
2025-10-28 13:51:00, EXEC, v:1, k:poo@motoca, mode:FULL, rate:93, size:96
2025-10-28 13:52:49, EXEC, v:1, k:poo@motoca, mode:FULL, rate:100, size:98
2025-10-28 13:52:51, MOVE, v:1, k:poo@motoca, mode:BACK
2025-10-28 13:54:09, SELF, v:1, k:poo@motoca, rate:100, human:ajuda_da_minha_muie, iagen:muito_GPT_MUITO_MESMO_, alone:5, study:140
2025-10-28 13:54:14, MOVE, v:1, k:poo@camisa, mode:PICK
2025-10-28 13:54:15, EXEC, v:1, k:poo@camisa, mode:LOCK, rate:100
2025-10-28 13:54:17, MOVE, v:1, k:poo@camisa, mode:BACK
2025-10-28 13:54:41, MOVE, v:1, k:poo@camisa, mode:PICK
2025-10-28 13:54:49, EXEC, v:1, k:poo@camisa, mode:FREE, size:34
2025-10-28 13:54:57, MOVE, v:1, k:poo@camisa, mode:BACK
2025-10-28 13:56:50, SELF, v:1, k:poo@camisa, rate:100, other:Copiei_e_colei_o_codigo_da_roupa_ja_que_era_a_mesma_coisa_so_muda_a_adicao_dos_testes, alone:10
2025-10-28 13:56:59, SELF, v:1, k:poo@roupa, rate:100, other:Utilizei_de_um_IDE_anteriormente_nessa_questao__o_codespace_tava_muito_lerdo_em_carregar_os_codigos__mas_os_cases_e_o_readme_estavam_de_boas_de_ler_entao_foi_mais_tranquilo, alone:10, study:70
2025-10-28 13:57:05, SELF, v:1, k:poo@camisa, rate:100, other:Copiei_e_colei_o_codigo_da_roupa_ja_que_era_a_mesma_coisa_so_muda_a_adicao_dos_testes, alone:10, study:70
2025-10-28 13:57:59, SELF, v:1, k:poo@motoca, rate:100, human:ajuda_da_minha_muie, iagen:muito_GPT_mesmo_me_perdi_bastante_nesse_codigo_KK, alone:5, study:140
2025-10-28 13:58:01, MOVE, v:1, k:poo@charger, mode:PICK
2025-10-28 13:58:02, MOVE, v:1, k:poo@charger, mode:BACK
2025-10-28 13:58:03, MOVE, v:1, k:poo@charger, mode:PICK
2025-10-28 13:58:31, MOVE, v:1, k:poo@charger, mode:BACK
2025-10-28 13:59:39, MOVE, v:1, k:poo@chinela, mode:PICK
2025-10-28 14:11:05, EXEC, v:1, k:poo@chinela, mode:LOCK, rate:0, size:3
2025-10-28 14:11:32, MOVE, v:1, k:poo@chinela, mode:BACK
2025-10-28 14:11:37, MOVE, v:1, k:poo@notebook, mode:PICK
2025-10-28 14:11:38, EXEC, v:1, k:poo@notebook, mode:LOCK, rate:0, size:28
2025-10-28 14:11:42, MOVE, v:1, k:poo@notebook, mode:BACK
2025-10-28 14:11:45, MOVE, v:1, k:poo@notebook, mode:PICK
2025-10-28 14:11:47, EXEC, v:1, k:poo@notebook, mode:FREE
2025-10-28 14:11:55, EXEC, v:1, k:poo@notebook, mode:LOCK, rate:0
2025-10-28 14:11:56, EXEC, v:1, k:poo@notebook, mode:LOCK, rate:0
2025-10-28 14:11:57, EXEC, v:1, k:poo@notebook, mode:FREE
2025-10-28 14:12:48, MOVE, v:1, k:poo@notebook, mode:BACK
2025-10-28 14:12:50, MOVE, v:1, k:poo@notebook, mode:PICK
2025-10-28 14:18:13, EXEC, v:1, k:poo@notebook, mode:FREE, size:26
2025-10-28 14:18:19, EXEC, v:1, k:poo@notebook, mode:FREE
2025-10-28 14:18:24, MOVE, v:1, k:poo@notebook, mode:BACK
2025-10-28 14:18:25, MOVE, v:1, k:poo@notebook, mode:PICK
2025-10-28 14:18:26, EXEC, v:1, k:poo@notebook, mode:FREE
2025-10-28 14:18:37, EXEC, v:1, k:poo@notebook, mode:FREE
2025-10-28 14:19:19, MOVE, v:1, k:poo@notebook, mode:BACK
2025-10-28 14:19:20, MOVE, v:1, k:poo@notebook, mode:PICK
2025-10-28 14:30:21, EXEC, v:1, k:poo@notebook, mode:FREE, size:46
2025-10-28 14:40:29, EXEC, v:1, k:poo@notebook, mode:FREE, size:56
2025-10-28 14:40:53, MOVE, v:1, k:poo@notebook, mode:BACK
2025-10-28 14:40:55, MOVE, v:1, k:poo@notebook, mode:PICK
2025-10-28 14:41:06, MOVE, v:1, k:poo@notebook, mode:BACK
