2025-10-13 21:15:00, MOVE, v:1, k:poo@chinela, mode:DOWN
2025-10-13 21:15:01, MOVE, v:1, k:poo@camisa, mode:DOWN
2025-10-13 21:15:02, MOVE, v:1, k:poo@roupa, mode:DOWN
2025-10-13 21:15:03, MOVE, v:1, k:poo@relogio, mode:DOWN
2025-10-13 21:15:05, MOVE, v:1, k:poo@notebook, mode:DOWN
2025-10-13 21:15:06, MOVE, v:1, k:poo@motoca, mode:DOWN
2025-10-13 21:15:07, MOVE, v:1, k:poo@grafite, mode:DOWN
2025-10-13 21:15:08, MOVE, v:1, k:poo@motouber, mode:DOWN
2025-10-13 21:15:10, MOVE, v:1, k:poo@tamagotchi, mode:DOWN
2025-10-13 21:15:11, MOVE, v:1, k:poo@charger, mode:DOWN
2025-10-13 21:15:15, MOVE, v:1, k:poo@chinela, mode:PICK
2025-10-13 21:15:18, EXEC, v:1, k:poo@chinela, mode:LOCK, rate:100, size:0
2025-10-13 21:15:21, EXEC, v:1, k:poo@chinela, mode:LOCK, rate:100
2025-10-13 21:15:24, MOVE, v:1, k:poo@chinela, mode:BACK
2025-10-13 21:15:29, MOVE, v:1, k:poo@camisa, mode:PICK
2025-10-13 21:15:49, EXEC, v:1, k:poo@camisa, mode:LOCK, rate:100, size:0
2025-10-13 21:15:50, EXEC, v:1, k:poo@camisa, mode:LOCK, rate:100
2025-10-13 21:15:50, MOVE, v:1, k:poo@camisa, mode:BACK
2025-10-13 21:15:52, MOVE, v:1, k:poo@roupa, mode:PICK
2025-10-13 21:15:53, EXEC, v:1, k:poo@roupa, mode:FULL, rate:0, size:0
2025-10-13 21:15:54, MOVE, v:1, k:poo@roupa, mode:BACK
2025-10-13 21:15:55, MOVE, v:1, k:poo@camisa, mode:PICK
2025-10-13 21:15:55, EXEC, v:1, k:poo@camisa, mode:LOCK, rate:100
2025-10-13 21:15:56, MOVE, v:1, k:poo@camisa, mode:BACK
2025-10-13 21:15:57, MOVE, v:1, k:poo@chinela, mode:PICK
2025-10-13 21:15:57, EXEC, v:1, k:poo@chinela, mode:LOCK, rate:100
2025-10-13 21:15:58, MOVE, v:1, k:poo@chinela, mode:BACK
2025-10-13 21:15:59, MOVE, v:1, k:poo@relogio, mode:PICK
2025-10-13 21:16:01, EXEC, v:1, k:poo@relogio, mode:FULL, rate:0, size:0
2025-10-13 21:16:03, EXEC, v:1, k:poo@relogio, mode:FULL, rate:0
2025-10-13 21:16:03, MOVE, v:1, k:poo@relogio, mode:BACK
2025-10-13 21:16:04, MOVE, v:1, k:poo@chinela, mode:PICK
2025-10-13 21:16:08, MOVE, v:1, k:poo@chinela, mode:BACK
2025-10-13 21:16:09, MOVE, v:1, k:poo@camisa, mode:PICK
2025-10-13 21:16:35, MOVE, v:1, k:poo@camisa, mode:BACK
